[2026-07-16T03:49:01.207+0000] {local_task_job_runner.py:120} INFO - ::group::Pre task execution logs
[2026-07-16T03:49:01.320+0000] {taskinstance.py:2076} INFO - Dependencies all met for dep_context=non-requeueable deps ti=<TaskInstance: crypto_medallion_pipeline.bronze_to_silver manual__2026-07-16T03:48:54.403389+00:00 [queued]>
[2026-07-16T03:49:01.353+0000] {taskinstance.py:2076} INFO - Dependencies all met for dep_context=requeueable deps ti=<TaskInstance: crypto_medallion_pipeline.bronze_to_silver manual__2026-07-16T03:48:54.403389+00:00 [queued]>
[2026-07-16T03:49:01.356+0000] {taskinstance.py:2306} INFO - Starting attempt 1 of 3
[2026-07-16T03:49:01.413+0000] {taskinstance.py:2330} INFO - Executing <Task(PythonOperator): bronze_to_silver> on 2026-07-16 03:48:54.403389+00:00
[2026-07-16T03:49:01.444+0000] {standard_task_runner.py:63} INFO - Started process 258 to run task
[2026-07-16T03:49:01.456+0000] {standard_task_runner.py:90} INFO - Running: ['***', 'tasks', 'run', 'crypto_medallion_pipeline', 'bronze_to_silver', 'manual__2026-07-16T03:48:54.403389+00:00', '--job-id', '43', '--raw', '--subdir', 'DAGS_FOLDER/crypto_pipeline.py', '--cfg-path', '/tmp/tmp9rednaib']
[2026-07-16T03:49:01.465+0000] {standard_task_runner.py:91} INFO - Job 43: Subtask bronze_to_silver
[2026-07-16T03:49:01.665+0000] {task_command.py:426} INFO - Running <TaskInstance: crypto_medallion_pipeline.bronze_to_silver manual__2026-07-16T03:48:54.403389+00:00 [running]> on host a7ebf45c642e
[2026-07-16T03:49:02.008+0000] {taskinstance.py:2648} INFO - Exporting env vars: AIRFLOW_CTX_DAG_OWNER='Carlos_yepes' AIRFLOW_CTX_DAG_ID='crypto_medallion_pipeline' AIRFLOW_CTX_TASK_ID='bronze_to_silver' AIRFLOW_CTX_EXECUTION_DATE='2026-07-16T03:48:54.403389+00:00' AIRFLOW_CTX_TRY_NUMBER='1' AIRFLOW_CTX_DAG_RUN_ID='manual__2026-07-16T03:48:54.403389+00:00'
[2026-07-16T03:49:02.011+0000] {taskinstance.py:430} INFO - ::endgroup::
[2026-07-16T03:49:02.745+0000] {taskinstance.py:441} INFO - ::group::Post task execution logs
[2026-07-16T03:49:02.749+0000] {taskinstance.py:2905} ERROR - Task failed with exception
Traceback (most recent call last):
  File "/home/airflow/.local/lib/python3.11/site-packages/airflow/models/taskinstance.py", line 465, in _execute_task
    result = _execute_callable(context=context, **execute_callable_kwargs)
             ^^^^^^^^^^^^^^^^^^^^^^^^^^^^^^^^^^^^^^^^^^^^^^^^^^^^^^^^^^^^^
  File "/home/airflow/.local/lib/python3.11/site-packages/airflow/models/taskinstance.py", line 432, in _execute_callable
    return execute_callable(context=context, **execute_callable_kwargs)
           ^^^^^^^^^^^^^^^^^^^^^^^^^^^^^^^^^^^^^^^^^^^^^^^^^^^^^^^^^^^^
  File "/home/airflow/.local/lib/python3.11/site-packages/airflow/models/baseoperator.py", line 400, in wrapper
    return func(self, *args, **kwargs)
           ^^^^^^^^^^^^^^^^^^^^^^^^^^^
  File "/home/airflow/.local/lib/python3.11/site-packages/airflow/operators/python.py", line 235, in execute
    return_value = self.execute_callable()
                   ^^^^^^^^^^^^^^^^^^^^^^^
  File "/home/airflow/.local/lib/python3.11/site-packages/airflow/operators/python.py", line 252, in execute_callable
    return self.python_callable(*self.op_args, **self.op_kwargs)
           ^^^^^^^^^^^^^^^^^^^^^^^^^^^^^^^^^^^^^^^^^^^^^^^^^^^^^
  File "/opt/airflow/dags/crypto_pipeline.py", line 58, in task_bronze_to_silver
    run(
  File "/opt/airflow/spark_jobs/bronze_to_silver.py", line 57, in run
    spark = create_spark_session()
            ^^^^^^^^^^^^^^^^^^^^^^
  File "/opt/airflow/spark_jobs/bronze_to_silver.py", line 10, in create_spark_session
    .getOrCreate()
     ^^^^^^^^^^^^^
  File "/home/airflow/.local/lib/python3.11/site-packages/pyspark/sql/session.py", line 497, in getOrCreate
    sc = SparkContext.getOrCreate(sparkConf)
         ^^^^^^^^^^^^^^^^^^^^^^^^^^^^^^^^^^^
  File "/home/airflow/.local/lib/python3.11/site-packages/pyspark/context.py", line 515, in getOrCreate
    SparkContext(conf=conf or SparkConf())
  File "/home/airflow/.local/lib/python3.11/site-packages/pyspark/context.py", line 201, in __init__
    SparkContext._ensure_initialized(self, gateway=gateway, conf=conf)
  File "/home/airflow/.local/lib/python3.11/site-packages/pyspark/context.py", line 436, in _ensure_initialized
    SparkContext._gateway = gateway or launch_gateway(conf)
                                       ^^^^^^^^^^^^^^^^^^^^
  File "/home/airflow/.local/lib/python3.11/site-packages/pyspark/java_gateway.py", line 107, in launch_gateway
    raise PySparkRuntimeError(
pyspark.errors.exceptions.base.PySparkRuntimeError: [JAVA_GATEWAY_EXITED] Java gateway process exited before sending its port number.
[2026-07-16T03:49:02.809+0000] {taskinstance.py:1206} INFO - Marking task as UP_FOR_RETRY. dag_id=crypto_medallion_pipeline, task_id=bronze_to_silver, run_id=manual__2026-07-16T03:48:54.403389+00:00, execution_date=20260716T034854, start_date=20260716T034901, end_date=20260716T034902
[2026-07-16T03:49:02.876+0000] {standard_task_runner.py:110} ERROR - Failed to execute job 43 for task bronze_to_silver ([JAVA_GATEWAY_EXITED] Java gateway process exited before sending its port number.; 258)
[2026-07-16T03:49:02.929+0000] {local_task_job_runner.py:240} INFO - Task exited with return code 1
[2026-07-16T03:49:03.006+0000] {taskinstance.py:3498} INFO - 0 downstream tasks scheduled from follow-on schedule check
[2026-07-16T03:49:03.013+0000] {local_task_job_runner.py:222} INFO - ::endgroup::
