[2026-07-01T16:50:11.057+0000] {local_task_job_runner.py:120} INFO - ::group::Pre task execution logs
[2026-07-01T16:50:11.106+0000] {taskinstance.py:2076} INFO - Dependencies all met for dep_context=non-requeueable deps ti=<TaskInstance: crypto_medallion_pipeline.bronze_to_silver manual__2026-07-01T16:40:04.289607+00:00 [queued]>
[2026-07-01T16:50:11.119+0000] {taskinstance.py:2076} INFO - Dependencies all met for dep_context=requeueable deps ti=<TaskInstance: crypto_medallion_pipeline.bronze_to_silver manual__2026-07-01T16:40:04.289607+00:00 [queued]>
[2026-07-01T16:50:11.122+0000] {taskinstance.py:2306} INFO - Starting attempt 3 of 3
[2026-07-01T16:50:11.140+0000] {taskinstance.py:2330} INFO - Executing <Task(BashOperator): bronze_to_silver> on 2026-07-01 16:40:04.289607+00:00
[2026-07-01T16:50:11.146+0000] {standard_task_runner.py:63} INFO - Started process 184 to run task
[2026-07-01T16:50:11.150+0000] {standard_task_runner.py:90} INFO - Running: ['***', 'tasks', 'run', 'crypto_medallion_pipeline', 'bronze_to_silver', 'manual__2026-07-01T16:40:04.289607+00:00', '--job-id', '17', '--raw', '--subdir', 'DAGS_FOLDER/crypto_pipeline.py', '--cfg-path', '/tmp/tmpgoyefqi1']
[2026-07-01T16:50:11.153+0000] {standard_task_runner.py:91} INFO - Job 17: Subtask bronze_to_silver
[2026-07-01T16:50:11.228+0000] {task_command.py:426} INFO - Running <TaskInstance: crypto_medallion_pipeline.bronze_to_silver manual__2026-07-01T16:40:04.289607+00:00 [running]> on host 5b402d9c4663
[2026-07-01T16:50:11.354+0000] {taskinstance.py:2648} INFO - Exporting env vars: AIRFLOW_CTX_DAG_OWNER='Carlos_yepes' AIRFLOW_CTX_DAG_ID='crypto_medallion_pipeline' AIRFLOW_CTX_TASK_ID='bronze_to_silver' AIRFLOW_CTX_EXECUTION_DATE='2026-07-01T16:40:04.289607+00:00' AIRFLOW_CTX_TRY_NUMBER='3' AIRFLOW_CTX_DAG_RUN_ID='manual__2026-07-01T16:40:04.289607+00:00'
[2026-07-01T16:50:11.356+0000] {taskinstance.py:430} INFO - ::endgroup::
[2026-07-01T16:50:11.379+0000] {subprocess.py:63} INFO - Tmp dir root location: /tmp
[2026-07-01T16:50:11.381+0000] {subprocess.py:75} INFO - Running command: ['/usr/bin/bash', '-c', '\n            /opt/spark/bin/spark-submit             --master spark://spark-master:7077             /opt/***/spark_jobs/bronze_to_silver.py             /opt/***/data/bronze             /opt/***/data/silver             2026-07-01\n        ']
[2026-07-01T16:50:11.391+0000] {subprocess.py:86} INFO - Output:
[2026-07-01T16:50:11.393+0000] {subprocess.py:93} INFO - /usr/bin/bash: line 2: /opt/spark/bin/spark-submit: No such file or directory
[2026-07-01T16:50:11.394+0000] {subprocess.py:97} INFO - Command exited with return code 127
[2026-07-01T16:50:11.395+0000] {taskinstance.py:441} INFO - ::group::Post task execution logs
[2026-07-01T16:50:11.531+0000] {taskinstance.py:2905} ERROR - Task failed with exception
Traceback (most recent call last):
  File "/home/airflow/.local/lib/python3.11/site-packages/airflow/models/taskinstance.py", line 465, in _execute_task
    result = _execute_callable(context=context, **execute_callable_kwargs)
             ^^^^^^^^^^^^^^^^^^^^^^^^^^^^^^^^^^^^^^^^^^^^^^^^^^^^^^^^^^^^^
  File "/home/airflow/.local/lib/python3.11/site-packages/airflow/models/taskinstance.py", line 432, in _execute_callable
    return execute_callable(context=context, **execute_callable_kwargs)
           ^^^^^^^^^^^^^^^^^^^^^^^^^^^^^^^^^^^^^^^^^^^^^^^^^^^^^^^^^^^^
  File "/home/airflow/.local/lib/python3.11/site-packages/airflow/models/baseoperator.py", line 400, in wrapper
    return func(self, *args, **kwargs)
           ^^^^^^^^^^^^^^^^^^^^^^^^^^^
  File "/home/airflow/.local/lib/python3.11/site-packages/airflow/operators/bash.py", line 243, in execute
    raise AirflowException(
airflow.exceptions.AirflowException: Bash command failed. The command returned a non-zero exit code 127.
[2026-07-01T16:50:11.538+0000] {taskinstance.py:1206} INFO - Marking task as FAILED. dag_id=crypto_medallion_pipeline, task_id=bronze_to_silver, run_id=manual__2026-07-01T16:40:04.289607+00:00, execution_date=20260701T164004, start_date=20260701T165011, end_date=20260701T165011
[2026-07-01T16:50:11.557+0000] {standard_task_runner.py:110} ERROR - Failed to execute job 17 for task bronze_to_silver (Bash command failed. The command returned a non-zero exit code 127.; 184)
[2026-07-01T16:50:11.606+0000] {local_task_job_runner.py:240} INFO - Task exited with return code 1
[2026-07-01T16:50:11.629+0000] {taskinstance.py:3498} INFO - 0 downstream tasks scheduled from follow-on schedule check
[2026-07-01T16:50:11.635+0000] {local_task_job_runner.py:222} INFO - ::endgroup::
