[2026-07-01T16:45:09.413+0000] {local_task_job_runner.py:120} INFO - ::group::Pre task execution logs
[2026-07-01T16:45:09.441+0000] {taskinstance.py:2076} INFO - Dependencies all met for dep_context=non-requeueable deps ti=<TaskInstance: crypto_medallion_pipeline.bronze_to_silver manual__2026-07-01T16:40:04.289607+00:00 [queued]>
[2026-07-01T16:45:09.449+0000] {taskinstance.py:2076} INFO - Dependencies all met for dep_context=requeueable deps ti=<TaskInstance: crypto_medallion_pipeline.bronze_to_silver manual__2026-07-01T16:40:04.289607+00:00 [queued]>
[2026-07-01T16:45:09.451+0000] {taskinstance.py:2306} INFO - Starting attempt 2 of 3
[2026-07-01T16:45:09.463+0000] {taskinstance.py:2330} INFO - Executing <Task(BashOperator): bronze_to_silver> on 2026-07-01 16:40:04.289607+00:00
[2026-07-01T16:45:09.467+0000] {standard_task_runner.py:63} INFO - Started process 554 to run task
[2026-07-01T16:45:09.470+0000] {standard_task_runner.py:90} INFO - Running: ['***', 'tasks', 'run', 'crypto_medallion_pipeline', 'bronze_to_silver', 'manual__2026-07-01T16:40:04.289607+00:00', '--job-id', '14', '--raw', '--subdir', 'DAGS_FOLDER/crypto_pipeline.py', '--cfg-path', '/tmp/tmpj4nkrt6r']
[2026-07-01T16:45:09.472+0000] {standard_task_runner.py:91} INFO - Job 14: Subtask bronze_to_silver
[2026-07-01T16:45:09.516+0000] {task_command.py:426} INFO - Running <TaskInstance: crypto_medallion_pipeline.bronze_to_silver manual__2026-07-01T16:40:04.289607+00:00 [running]> on host b75364d2c00c
[2026-07-01T16:45:09.584+0000] {taskinstance.py:2648} INFO - Exporting env vars: AIRFLOW_CTX_DAG_OWNER='Carlos_yepes' AIRFLOW_CTX_DAG_ID='crypto_medallion_pipeline' AIRFLOW_CTX_TASK_ID='bronze_to_silver' AIRFLOW_CTX_EXECUTION_DATE='2026-07-01T16:40:04.289607+00:00' AIRFLOW_CTX_TRY_NUMBER='2' AIRFLOW_CTX_DAG_RUN_ID='manual__2026-07-01T16:40:04.289607+00:00'
[2026-07-01T16:45:09.585+0000] {taskinstance.py:430} INFO - ::endgroup::
[2026-07-01T16:45:09.595+0000] {subprocess.py:63} INFO - Tmp dir root location: /tmp
[2026-07-01T16:45:09.596+0000] {subprocess.py:75} INFO - Running command: ['/usr/bin/bash', '-c', '\n            /opt/spark/bin/spark-submit             --master spark://spark-master:7077             /opt/***/spark_jobs/bronze_to_silver.py             /opt/***/data/bronze             /opt/***/data/silver             2026-07-01\n        ']
[2026-07-01T16:45:09.604+0000] {subprocess.py:86} INFO - Output:
[2026-07-01T16:45:09.606+0000] {subprocess.py:93} INFO - /usr/bin/bash: line 2: /opt/spark/bin/spark-submit: No such file or directory
[2026-07-01T16:45:09.606+0000] {subprocess.py:97} INFO - Command exited with return code 127
[2026-07-01T16:45:09.607+0000] {taskinstance.py:441} INFO - ::group::Post task execution logs
[2026-07-01T16:45:09.717+0000] {taskinstance.py:2905} ERROR - Task failed with exception
Traceback (most recent call last):
  File "/home/airflow/.local/lib/python3.11/site-packages/airflow/models/taskinstance.py", line 465, in _execute_task
    result = _execute_callable(context=context, **execute_callable_kwargs)
             ^^^^^^^^^^^^^^^^^^^^^^^^^^^^^^^^^^^^^^^^^^^^^^^^^^^^^^^^^^^^^
  File "/home/airflow/.local/lib/python3.11/site-packages/airflow/models/taskinstance.py", line 432, in _execute_callable
    return execute_callable(context=context, **execute_callable_kwargs)
           ^^^^^^^^^^^^^^^^^^^^^^^^^^^^^^^^^^^^^^^^^^^^^^^^^^^^^^^^^^^^
  File "/home/airflow/.local/lib/python3.11/site-packages/airflow/models/baseoperator.py", line 400, in wrapper
    return func(self, *args, **kwargs)
           ^^^^^^^^^^^^^^^^^^^^^^^^^^^
  File "/home/airflow/.local/lib/python3.11/site-packages/airflow/operators/bash.py", line 243, in execute
    raise AirflowException(
airflow.exceptions.AirflowException: Bash command failed. The command returned a non-zero exit code 127.
[2026-07-01T16:45:09.722+0000] {taskinstance.py:1206} INFO - Marking task as UP_FOR_RETRY. dag_id=crypto_medallion_pipeline, task_id=bronze_to_silver, run_id=manual__2026-07-01T16:40:04.289607+00:00, execution_date=20260701T164004, start_date=20260701T164509, end_date=20260701T164509
[2026-07-01T16:45:09.732+0000] {standard_task_runner.py:110} ERROR - Failed to execute job 14 for task bronze_to_silver (Bash command failed. The command returned a non-zero exit code 127.; 554)
[2026-07-01T16:45:09.764+0000] {local_task_job_runner.py:240} INFO - Task exited with return code 1
[2026-07-01T16:45:09.781+0000] {taskinstance.py:3498} INFO - 0 downstream tasks scheduled from follow-on schedule check
[2026-07-01T16:45:09.783+0000] {local_task_job_runner.py:222} INFO - ::endgroup::
