[2026-07-01T16:37:22.340+0000] {local_task_job_runner.py:120} INFO - ::group::Pre task execution logs
[2026-07-01T16:37:22.403+0000] {taskinstance.py:2076} INFO - Dependencies all met for dep_context=non-requeueable deps ti=<TaskInstance: crypto_medallion_pipeline.bronze_to_silver manual__2026-07-01T16:37:17.948709+00:00 [queued]>
[2026-07-01T16:37:22.424+0000] {taskinstance.py:2076} INFO - Dependencies all met for dep_context=requeueable deps ti=<TaskInstance: crypto_medallion_pipeline.bronze_to_silver manual__2026-07-01T16:37:17.948709+00:00 [queued]>
[2026-07-01T16:37:22.427+0000] {taskinstance.py:2306} INFO - Starting attempt 1 of 3
[2026-07-01T16:37:22.453+0000] {taskinstance.py:2330} INFO - Executing <Task(BashOperator): bronze_to_silver> on 2026-07-01 16:37:17.948709+00:00
[2026-07-01T16:37:22.462+0000] {standard_task_runner.py:63} INFO - Started process 451 to run task
[2026-07-01T16:37:22.467+0000] {standard_task_runner.py:90} INFO - Running: ['***', 'tasks', 'run', 'crypto_medallion_pipeline', 'bronze_to_silver', 'manual__2026-07-01T16:37:17.948709+00:00', '--job-id', '9', '--raw', '--subdir', 'DAGS_FOLDER/crypto_pipeline.py', '--cfg-path', '/tmp/tmp6vy30t67']
[2026-07-01T16:37:22.471+0000] {standard_task_runner.py:91} INFO - Job 9: Subtask bronze_to_silver
[2026-07-01T16:37:22.569+0000] {task_command.py:426} INFO - Running <TaskInstance: crypto_medallion_pipeline.bronze_to_silver manual__2026-07-01T16:37:17.948709+00:00 [running]> on host b75364d2c00c
[2026-07-01T16:37:22.762+0000] {taskinstance.py:2648} INFO - Exporting env vars: AIRFLOW_CTX_DAG_OWNER='Carlos_yepes' AIRFLOW_CTX_DAG_ID='crypto_medallion_pipeline' AIRFLOW_CTX_TASK_ID='bronze_to_silver' AIRFLOW_CTX_EXECUTION_DATE='2026-07-01T16:37:17.948709+00:00' AIRFLOW_CTX_TRY_NUMBER='1' AIRFLOW_CTX_DAG_RUN_ID='manual__2026-07-01T16:37:17.948709+00:00'
[2026-07-01T16:37:22.766+0000] {taskinstance.py:430} INFO - ::endgroup::
[2026-07-01T16:37:22.813+0000] {subprocess.py:63} INFO - Tmp dir root location: /tmp
[2026-07-01T16:37:22.816+0000] {subprocess.py:75} INFO - Running command: ['/usr/bin/bash', '-c', '\n            docker exec proyecto9-crpytomedalionpipeline-spark-master-1             /opt/spark/bin/spark-submit             --master spark://spark-master:7077             /opt/spark_jobs/bronze_to_silver.py             /opt/***/data/bronze             /opt/***/data/silver             2026-07-01\n        ']
[2026-07-01T16:37:22.831+0000] {subprocess.py:86} INFO - Output:
[2026-07-01T16:37:23.009+0000] {subprocess.py:93} INFO - Cannot connect to the Docker daemon at unix:///var/run/docker.sock. Is the docker daemon running?
[2026-07-01T16:37:23.015+0000] {subprocess.py:97} INFO - Command exited with return code 1
[2026-07-01T16:37:23.017+0000] {taskinstance.py:441} INFO - ::group::Post task execution logs
[2026-07-01T16:37:23.223+0000] {taskinstance.py:2905} ERROR - Task failed with exception
Traceback (most recent call last):
  File "/home/airflow/.local/lib/python3.11/site-packages/airflow/models/taskinstance.py", line 465, in _execute_task
    result = _execute_callable(context=context, **execute_callable_kwargs)
             ^^^^^^^^^^^^^^^^^^^^^^^^^^^^^^^^^^^^^^^^^^^^^^^^^^^^^^^^^^^^^
  File "/home/airflow/.local/lib/python3.11/site-packages/airflow/models/taskinstance.py", line 432, in _execute_callable
    return execute_callable(context=context, **execute_callable_kwargs)
           ^^^^^^^^^^^^^^^^^^^^^^^^^^^^^^^^^^^^^^^^^^^^^^^^^^^^^^^^^^^^
  File "/home/airflow/.local/lib/python3.11/site-packages/airflow/models/baseoperator.py", line 400, in wrapper
    return func(self, *args, **kwargs)
           ^^^^^^^^^^^^^^^^^^^^^^^^^^^
  File "/home/airflow/.local/lib/python3.11/site-packages/airflow/operators/bash.py", line 243, in execute
    raise AirflowException(
airflow.exceptions.AirflowException: Bash command failed. The command returned a non-zero exit code 1.
[2026-07-01T16:37:23.229+0000] {taskinstance.py:1206} INFO - Marking task as UP_FOR_RETRY. dag_id=crypto_medallion_pipeline, task_id=bronze_to_silver, run_id=manual__2026-07-01T16:37:17.948709+00:00, execution_date=20260701T163717, start_date=20260701T163722, end_date=20260701T163723
[2026-07-01T16:37:23.249+0000] {standard_task_runner.py:110} ERROR - Failed to execute job 9 for task bronze_to_silver (Bash command failed. The command returned a non-zero exit code 1.; 451)
[2026-07-01T16:37:23.288+0000] {local_task_job_runner.py:240} INFO - Task exited with return code 1
[2026-07-01T16:37:23.339+0000] {taskinstance.py:3498} INFO - 0 downstream tasks scheduled from follow-on schedule check
[2026-07-01T16:37:23.344+0000] {local_task_job_runner.py:222} INFO - ::endgroup::
