[2026-07-16T02:47:34.668+0000] {local_task_job_runner.py:120} INFO - ::group::Pre task execution logs
[2026-07-16T02:47:34.915+0000] {taskinstance.py:2076} INFO - Dependencies all met for dep_context=non-requeueable deps ti=<TaskInstance: crypto_medallion_pipeline.bronze_to_silver scheduled__2026-07-01T00:00:00+00:00 [queued]>
[2026-07-16T02:47:34.964+0000] {taskinstance.py:2076} INFO - Dependencies all met for dep_context=requeueable deps ti=<TaskInstance: crypto_medallion_pipeline.bronze_to_silver scheduled__2026-07-01T00:00:00+00:00 [queued]>
[2026-07-16T02:47:34.970+0000] {taskinstance.py:2306} INFO - Starting attempt 1 of 3
[2026-07-16T02:47:35.074+0000] {taskinstance.py:2330} INFO - Executing <Task(BashOperator): bronze_to_silver> on 2026-07-01 00:00:00+00:00
[2026-07-16T02:47:35.107+0000] {standard_task_runner.py:63} INFO - Started process 183 to run task
[2026-07-16T02:47:35.146+0000] {standard_task_runner.py:90} INFO - Running: ['***', 'tasks', 'run', 'crypto_medallion_pipeline', 'bronze_to_silver', 'scheduled__2026-07-01T00:00:00+00:00', '--job-id', '24', '--raw', '--subdir', 'DAGS_FOLDER/crypto_pipeline.py', '--cfg-path', '/tmp/tmp707atf_4']
[2026-07-16T02:47:35.152+0000] {standard_task_runner.py:91} INFO - Job 24: Subtask bronze_to_silver
[2026-07-16T02:47:35.544+0000] {task_command.py:426} INFO - Running <TaskInstance: crypto_medallion_pipeline.bronze_to_silver scheduled__2026-07-01T00:00:00+00:00 [running]> on host 8b8ae4273e3a
[2026-07-16T02:47:35.952+0000] {taskinstance.py:2648} INFO - Exporting env vars: AIRFLOW_CTX_DAG_OWNER='Carlos_yepes' AIRFLOW_CTX_DAG_ID='crypto_medallion_pipeline' AIRFLOW_CTX_TASK_ID='bronze_to_silver' AIRFLOW_CTX_EXECUTION_DATE='2026-07-01T00:00:00+00:00' AIRFLOW_CTX_TRY_NUMBER='1' AIRFLOW_CTX_DAG_RUN_ID='scheduled__2026-07-01T00:00:00+00:00'
[2026-07-16T02:47:35.955+0000] {taskinstance.py:430} INFO - ::endgroup::
[2026-07-16T02:47:35.998+0000] {subprocess.py:63} INFO - Tmp dir root location: /tmp
[2026-07-16T02:47:36.003+0000] {subprocess.py:75} INFO - Running command: ['/usr/bin/bash', '-c', '\n            /opt/spark/bin/spark-submit             --master spark://spark-master:7077             /opt/***/spark_jobs/bronze_to_silver.py             /opt/***/data/bronze             /opt/***/data/silver             2026-07-01\n        ']
[2026-07-16T02:47:36.029+0000] {subprocess.py:86} INFO - Output:
[2026-07-16T02:47:36.036+0000] {subprocess.py:93} INFO - /usr/bin/bash: line 2: /opt/spark/bin/spark-submit: No such file or directory
[2026-07-16T02:47:36.039+0000] {subprocess.py:97} INFO - Command exited with return code 127
[2026-07-16T02:47:36.042+0000] {taskinstance.py:441} INFO - ::group::Post task execution logs
[2026-07-16T02:47:36.097+0000] {taskinstance.py:2905} ERROR - Task failed with exception
Traceback (most recent call last):
  File "/home/airflow/.local/lib/python3.11/site-packages/airflow/models/taskinstance.py", line 465, in _execute_task
    result = _execute_callable(context=context, **execute_callable_kwargs)
             ^^^^^^^^^^^^^^^^^^^^^^^^^^^^^^^^^^^^^^^^^^^^^^^^^^^^^^^^^^^^^
  File "/home/airflow/.local/lib/python3.11/site-packages/airflow/models/taskinstance.py", line 432, in _execute_callable
    return execute_callable(context=context, **execute_callable_kwargs)
           ^^^^^^^^^^^^^^^^^^^^^^^^^^^^^^^^^^^^^^^^^^^^^^^^^^^^^^^^^^^^
  File "/home/airflow/.local/lib/python3.11/site-packages/airflow/models/baseoperator.py", line 400, in wrapper
    return func(self, *args, **kwargs)
           ^^^^^^^^^^^^^^^^^^^^^^^^^^^
  File "/home/airflow/.local/lib/python3.11/site-packages/airflow/operators/bash.py", line 243, in execute
    raise AirflowException(
airflow.exceptions.AirflowException: Bash command failed. The command returned a non-zero exit code 127.
[2026-07-16T02:47:36.137+0000] {taskinstance.py:1206} INFO - Marking task as UP_FOR_RETRY. dag_id=crypto_medallion_pipeline, task_id=bronze_to_silver, run_id=scheduled__2026-07-01T00:00:00+00:00, execution_date=20260701T000000, start_date=20260716T024734, end_date=20260716T024736
[2026-07-16T02:47:36.245+0000] {standard_task_runner.py:110} ERROR - Failed to execute job 24 for task bronze_to_silver (Bash command failed. The command returned a non-zero exit code 127.; 183)
[2026-07-16T02:47:36.290+0000] {local_task_job_runner.py:240} INFO - Task exited with return code 1
[2026-07-16T02:47:36.425+0000] {taskinstance.py:3498} INFO - 0 downstream tasks scheduled from follow-on schedule check
[2026-07-16T02:47:36.442+0000] {local_task_job_runner.py:222} INFO - ::endgroup::
