[2026-07-01T15:47:30.624+0000] {processor.py:161} INFO - Started process (PID=168) to work on /opt/airflow/dags/crypto_pipeline.py
[2026-07-01T15:47:30.628+0000] {processor.py:830} INFO - Processing file /opt/airflow/dags/crypto_pipeline.py for tasks to queue
[2026-07-01T15:47:30.634+0000] {logging_mixin.py:188} INFO - [2026-07-01T15:47:30.633+0000] {dagbag.py:545} INFO - Filling up the DagBag from /opt/airflow/dags/crypto_pipeline.py
[2026-07-01T15:47:30.716+0000] {processor.py:840} INFO - DAG(s) 'crypto_medallion_pipeline' retrieved from /opt/airflow/dags/crypto_pipeline.py
[2026-07-01T15:47:31.179+0000] {logging_mixin.py:188} INFO - [2026-07-01T15:47:31.179+0000] {dag.py:3096} INFO - Sync 1 DAGs
[2026-07-01T15:47:31.206+0000] {logging_mixin.py:188} INFO - [2026-07-01T15:47:31.205+0000] {dag.py:3954} INFO - Setting next_dagrun for crypto_medallion_pipeline to 2026-06-30 00:00:00+00:00, run_after=2026-07-01 00:00:00+00:00
[2026-07-01T15:47:31.234+0000] {processor.py:183} INFO - Processing /opt/airflow/dags/crypto_pipeline.py took 0.626 seconds
[2026-07-01T15:48:01.719+0000] {processor.py:161} INFO - Started process (PID=173) to work on /opt/airflow/dags/crypto_pipeline.py
[2026-07-01T15:48:01.722+0000] {processor.py:830} INFO - Processing file /opt/airflow/dags/crypto_pipeline.py for tasks to queue
[2026-07-01T15:48:01.728+0000] {logging_mixin.py:188} INFO - [2026-07-01T15:48:01.726+0000] {dagbag.py:545} INFO - Filling up the DagBag from /opt/airflow/dags/crypto_pipeline.py
[2026-07-01T15:48:01.774+0000] {processor.py:840} INFO - DAG(s) 'crypto_medallion_pipeline' retrieved from /opt/airflow/dags/crypto_pipeline.py
[2026-07-01T15:48:01.821+0000] {logging_mixin.py:188} INFO - [2026-07-01T15:48:01.821+0000] {dag.py:3096} INFO - Sync 1 DAGs
[2026-07-01T15:48:01.867+0000] {logging_mixin.py:188} INFO - [2026-07-01T15:48:01.867+0000] {dag.py:3954} INFO - Setting next_dagrun for crypto_medallion_pipeline to 2026-06-30 00:00:00+00:00, run_after=2026-07-01 00:00:00+00:00
[2026-07-01T15:48:01.894+0000] {processor.py:183} INFO - Processing /opt/airflow/dags/crypto_pipeline.py took 0.207 seconds
[2026-07-01T16:09:04.752+0000] {processor.py:161} INFO - Started process (PID=168) to work on /opt/airflow/dags/crypto_pipeline.py
[2026-07-01T16:09:04.756+0000] {processor.py:830} INFO - Processing file /opt/airflow/dags/crypto_pipeline.py for tasks to queue
[2026-07-01T16:09:04.759+0000] {logging_mixin.py:188} INFO - [2026-07-01T16:09:04.759+0000] {dagbag.py:545} INFO - Filling up the DagBag from /opt/airflow/dags/crypto_pipeline.py
[2026-07-01T16:09:04.813+0000] {processor.py:840} INFO - DAG(s) 'crypto_medallion_pipeline' retrieved from /opt/airflow/dags/crypto_pipeline.py
[2026-07-01T16:09:05.193+0000] {logging_mixin.py:188} INFO - [2026-07-01T16:09:05.193+0000] {dag.py:3096} INFO - Sync 1 DAGs
[2026-07-01T16:09:05.227+0000] {logging_mixin.py:188} INFO - [2026-07-01T16:09:05.227+0000] {dag.py:3954} INFO - Setting next_dagrun for crypto_medallion_pipeline to 2026-06-30 00:00:00+00:00, run_after=2026-07-01 00:00:00+00:00
[2026-07-01T16:09:05.277+0000] {processor.py:183} INFO - Processing /opt/airflow/dags/crypto_pipeline.py took 0.532 seconds
[2026-07-01T16:09:35.666+0000] {processor.py:161} INFO - Started process (PID=173) to work on /opt/airflow/dags/crypto_pipeline.py
[2026-07-01T16:09:35.669+0000] {processor.py:830} INFO - Processing file /opt/airflow/dags/crypto_pipeline.py for tasks to queue
[2026-07-01T16:09:35.672+0000] {logging_mixin.py:188} INFO - [2026-07-01T16:09:35.672+0000] {dagbag.py:545} INFO - Filling up the DagBag from /opt/airflow/dags/crypto_pipeline.py
[2026-07-01T16:09:35.714+0000] {processor.py:840} INFO - DAG(s) 'crypto_medallion_pipeline' retrieved from /opt/airflow/dags/crypto_pipeline.py
[2026-07-01T16:09:35.751+0000] {logging_mixin.py:188} INFO - [2026-07-01T16:09:35.751+0000] {dag.py:3096} INFO - Sync 1 DAGs
[2026-07-01T16:09:35.781+0000] {logging_mixin.py:188} INFO - [2026-07-01T16:09:35.781+0000] {dag.py:3954} INFO - Setting next_dagrun for crypto_medallion_pipeline to 2026-06-30 00:00:00+00:00, run_after=2026-07-01 00:00:00+00:00
[2026-07-01T16:09:35.808+0000] {processor.py:183} INFO - Processing /opt/airflow/dags/crypto_pipeline.py took 0.149 seconds
[2026-07-01T16:10:05.906+0000] {processor.py:161} INFO - Started process (PID=178) to work on /opt/airflow/dags/crypto_pipeline.py
[2026-07-01T16:10:05.908+0000] {processor.py:830} INFO - Processing file /opt/airflow/dags/crypto_pipeline.py for tasks to queue
[2026-07-01T16:10:05.911+0000] {logging_mixin.py:188} INFO - [2026-07-01T16:10:05.910+0000] {dagbag.py:545} INFO - Filling up the DagBag from /opt/airflow/dags/crypto_pipeline.py
[2026-07-01T16:10:05.976+0000] {processor.py:840} INFO - DAG(s) 'crypto_medallion_pipeline' retrieved from /opt/airflow/dags/crypto_pipeline.py
[2026-07-01T16:10:05.999+0000] {logging_mixin.py:188} INFO - [2026-07-01T16:10:05.999+0000] {dag.py:3096} INFO - Sync 1 DAGs
[2026-07-01T16:10:06.017+0000] {logging_mixin.py:188} INFO - [2026-07-01T16:10:06.017+0000] {dag.py:3954} INFO - Setting next_dagrun for crypto_medallion_pipeline to 2026-06-30 00:00:00+00:00, run_after=2026-07-01 00:00:00+00:00
[2026-07-01T16:10:06.051+0000] {processor.py:183} INFO - Processing /opt/airflow/dags/crypto_pipeline.py took 0.151 seconds
[2026-07-01T16:10:36.219+0000] {processor.py:161} INFO - Started process (PID=183) to work on /opt/airflow/dags/crypto_pipeline.py
[2026-07-01T16:10:36.222+0000] {processor.py:830} INFO - Processing file /opt/airflow/dags/crypto_pipeline.py for tasks to queue
[2026-07-01T16:10:36.228+0000] {logging_mixin.py:188} INFO - [2026-07-01T16:10:36.227+0000] {dagbag.py:545} INFO - Filling up the DagBag from /opt/airflow/dags/crypto_pipeline.py
[2026-07-01T16:10:36.283+0000] {processor.py:840} INFO - DAG(s) 'crypto_medallion_pipeline' retrieved from /opt/airflow/dags/crypto_pipeline.py
[2026-07-01T16:10:36.354+0000] {logging_mixin.py:188} INFO - [2026-07-01T16:10:36.353+0000] {dag.py:3096} INFO - Sync 1 DAGs
[2026-07-01T16:10:36.415+0000] {logging_mixin.py:188} INFO - [2026-07-01T16:10:36.414+0000] {dag.py:3954} INFO - Setting next_dagrun for crypto_medallion_pipeline to 2026-06-30 00:00:00+00:00, run_after=2026-07-01 00:00:00+00:00
[2026-07-01T16:10:36.499+0000] {processor.py:183} INFO - Processing /opt/airflow/dags/crypto_pipeline.py took 0.297 seconds
[2026-07-01T16:11:06.833+0000] {processor.py:161} INFO - Started process (PID=188) to work on /opt/airflow/dags/crypto_pipeline.py
[2026-07-01T16:11:06.835+0000] {processor.py:830} INFO - Processing file /opt/airflow/dags/crypto_pipeline.py for tasks to queue
[2026-07-01T16:11:06.839+0000] {logging_mixin.py:188} INFO - [2026-07-01T16:11:06.838+0000] {dagbag.py:545} INFO - Filling up the DagBag from /opt/airflow/dags/crypto_pipeline.py
[2026-07-01T16:11:06.887+0000] {processor.py:840} INFO - DAG(s) 'crypto_medallion_pipeline' retrieved from /opt/airflow/dags/crypto_pipeline.py
[2026-07-01T16:11:06.938+0000] {logging_mixin.py:188} INFO - [2026-07-01T16:11:06.937+0000] {dag.py:3096} INFO - Sync 1 DAGs
[2026-07-01T16:11:06.983+0000] {logging_mixin.py:188} INFO - [2026-07-01T16:11:06.983+0000] {dag.py:3954} INFO - Setting next_dagrun for crypto_medallion_pipeline to 2026-06-30 00:00:00+00:00, run_after=2026-07-01 00:00:00+00:00
[2026-07-01T16:11:07.024+0000] {processor.py:183} INFO - Processing /opt/airflow/dags/crypto_pipeline.py took 0.200 seconds
[2026-07-01T16:11:37.316+0000] {processor.py:161} INFO - Started process (PID=193) to work on /opt/airflow/dags/crypto_pipeline.py
[2026-07-01T16:11:37.320+0000] {processor.py:830} INFO - Processing file /opt/airflow/dags/crypto_pipeline.py for tasks to queue
[2026-07-01T16:11:37.323+0000] {logging_mixin.py:188} INFO - [2026-07-01T16:11:37.323+0000] {dagbag.py:545} INFO - Filling up the DagBag from /opt/airflow/dags/crypto_pipeline.py
[2026-07-01T16:11:37.369+0000] {processor.py:840} INFO - DAG(s) 'crypto_medallion_pipeline' retrieved from /opt/airflow/dags/crypto_pipeline.py
[2026-07-01T16:11:37.408+0000] {logging_mixin.py:188} INFO - [2026-07-01T16:11:37.407+0000] {dag.py:3096} INFO - Sync 1 DAGs
[2026-07-01T16:11:37.445+0000] {logging_mixin.py:188} INFO - [2026-07-01T16:11:37.445+0000] {dag.py:3954} INFO - Setting next_dagrun for crypto_medallion_pipeline to 2026-06-30 00:00:00+00:00, run_after=2026-07-01 00:00:00+00:00
[2026-07-01T16:11:37.482+0000] {processor.py:183} INFO - Processing /opt/airflow/dags/crypto_pipeline.py took 0.173 seconds
[2026-07-01T16:12:07.590+0000] {processor.py:161} INFO - Started process (PID=198) to work on /opt/airflow/dags/crypto_pipeline.py
[2026-07-01T16:12:07.593+0000] {processor.py:830} INFO - Processing file /opt/airflow/dags/crypto_pipeline.py for tasks to queue
[2026-07-01T16:12:07.599+0000] {logging_mixin.py:188} INFO - [2026-07-01T16:12:07.598+0000] {dagbag.py:545} INFO - Filling up the DagBag from /opt/airflow/dags/crypto_pipeline.py
[2026-07-01T16:12:07.653+0000] {processor.py:840} INFO - DAG(s) 'crypto_medallion_pipeline' retrieved from /opt/airflow/dags/crypto_pipeline.py
[2026-07-01T16:12:07.692+0000] {logging_mixin.py:188} INFO - [2026-07-01T16:12:07.692+0000] {dag.py:3096} INFO - Sync 1 DAGs
[2026-07-01T16:12:07.728+0000] {logging_mixin.py:188} INFO - [2026-07-01T16:12:07.728+0000] {dag.py:3954} INFO - Setting next_dagrun for crypto_medallion_pipeline to 2026-06-30 00:00:00+00:00, run_after=2026-07-01 00:00:00+00:00
[2026-07-01T16:12:07.781+0000] {processor.py:183} INFO - Processing /opt/airflow/dags/crypto_pipeline.py took 0.199 seconds
[2026-07-01T16:12:38.046+0000] {processor.py:161} INFO - Started process (PID=203) to work on /opt/airflow/dags/crypto_pipeline.py
[2026-07-01T16:12:38.048+0000] {processor.py:830} INFO - Processing file /opt/airflow/dags/crypto_pipeline.py for tasks to queue
[2026-07-01T16:12:38.052+0000] {logging_mixin.py:188} INFO - [2026-07-01T16:12:38.051+0000] {dagbag.py:545} INFO - Filling up the DagBag from /opt/airflow/dags/crypto_pipeline.py
[2026-07-01T16:12:38.096+0000] {processor.py:840} INFO - DAG(s) 'crypto_medallion_pipeline' retrieved from /opt/airflow/dags/crypto_pipeline.py
[2026-07-01T16:12:38.130+0000] {logging_mixin.py:188} INFO - [2026-07-01T16:12:38.129+0000] {dag.py:3096} INFO - Sync 1 DAGs
[2026-07-01T16:12:38.155+0000] {logging_mixin.py:188} INFO - [2026-07-01T16:12:38.155+0000] {dag.py:3954} INFO - Setting next_dagrun for crypto_medallion_pipeline to 2026-06-30 00:00:00+00:00, run_after=2026-07-01 00:00:00+00:00
[2026-07-01T16:12:38.379+0000] {processor.py:183} INFO - Processing /opt/airflow/dags/crypto_pipeline.py took 0.343 seconds
[2026-07-01T16:13:08.692+0000] {processor.py:161} INFO - Started process (PID=208) to work on /opt/airflow/dags/crypto_pipeline.py
[2026-07-01T16:13:08.695+0000] {processor.py:830} INFO - Processing file /opt/airflow/dags/crypto_pipeline.py for tasks to queue
[2026-07-01T16:13:08.699+0000] {logging_mixin.py:188} INFO - [2026-07-01T16:13:08.698+0000] {dagbag.py:545} INFO - Filling up the DagBag from /opt/airflow/dags/crypto_pipeline.py
[2026-07-01T16:13:08.741+0000] {processor.py:840} INFO - DAG(s) 'crypto_medallion_pipeline' retrieved from /opt/airflow/dags/crypto_pipeline.py
[2026-07-01T16:13:08.795+0000] {logging_mixin.py:188} INFO - [2026-07-01T16:13:08.794+0000] {dag.py:3096} INFO - Sync 1 DAGs
[2026-07-01T16:13:09.016+0000] {logging_mixin.py:188} INFO - [2026-07-01T16:13:09.015+0000] {dag.py:3954} INFO - Setting next_dagrun for crypto_medallion_pipeline to 2026-06-30 00:00:00+00:00, run_after=2026-07-01 00:00:00+00:00
[2026-07-01T16:13:09.063+0000] {processor.py:183} INFO - Processing /opt/airflow/dags/crypto_pipeline.py took 0.383 seconds
[2026-07-01T16:13:39.435+0000] {processor.py:161} INFO - Started process (PID=213) to work on /opt/airflow/dags/crypto_pipeline.py
[2026-07-01T16:13:39.438+0000] {processor.py:830} INFO - Processing file /opt/airflow/dags/crypto_pipeline.py for tasks to queue
[2026-07-01T16:13:39.442+0000] {logging_mixin.py:188} INFO - [2026-07-01T16:13:39.441+0000] {dagbag.py:545} INFO - Filling up the DagBag from /opt/airflow/dags/crypto_pipeline.py
[2026-07-01T16:13:39.490+0000] {processor.py:840} INFO - DAG(s) 'crypto_medallion_pipeline' retrieved from /opt/airflow/dags/crypto_pipeline.py
[2026-07-01T16:13:39.686+0000] {logging_mixin.py:188} INFO - [2026-07-01T16:13:39.685+0000] {dag.py:3096} INFO - Sync 1 DAGs
[2026-07-01T16:13:39.709+0000] {logging_mixin.py:188} INFO - [2026-07-01T16:13:39.708+0000] {dag.py:3954} INFO - Setting next_dagrun for crypto_medallion_pipeline to 2026-06-30 00:00:00+00:00, run_after=2026-07-01 00:00:00+00:00
[2026-07-01T16:13:39.749+0000] {processor.py:183} INFO - Processing /opt/airflow/dags/crypto_pipeline.py took 0.320 seconds
[2026-07-01T16:14:10.203+0000] {processor.py:161} INFO - Started process (PID=218) to work on /opt/airflow/dags/crypto_pipeline.py
[2026-07-01T16:14:10.206+0000] {processor.py:830} INFO - Processing file /opt/airflow/dags/crypto_pipeline.py for tasks to queue
[2026-07-01T16:14:10.210+0000] {logging_mixin.py:188} INFO - [2026-07-01T16:14:10.210+0000] {dagbag.py:545} INFO - Filling up the DagBag from /opt/airflow/dags/crypto_pipeline.py
[2026-07-01T16:14:10.265+0000] {processor.py:840} INFO - DAG(s) 'crypto_medallion_pipeline' retrieved from /opt/airflow/dags/crypto_pipeline.py
[2026-07-01T16:14:10.313+0000] {logging_mixin.py:188} INFO - [2026-07-01T16:14:10.312+0000] {dag.py:3096} INFO - Sync 1 DAGs
[2026-07-01T16:14:10.338+0000] {logging_mixin.py:188} INFO - [2026-07-01T16:14:10.338+0000] {dag.py:3954} INFO - Setting next_dagrun for crypto_medallion_pipeline to 2026-06-30 00:00:00+00:00, run_after=2026-07-01 00:00:00+00:00
[2026-07-01T16:14:10.372+0000] {processor.py:183} INFO - Processing /opt/airflow/dags/crypto_pipeline.py took 0.181 seconds
[2026-07-01T16:14:40.654+0000] {processor.py:161} INFO - Started process (PID=223) to work on /opt/airflow/dags/crypto_pipeline.py
[2026-07-01T16:14:40.657+0000] {processor.py:830} INFO - Processing file /opt/airflow/dags/crypto_pipeline.py for tasks to queue
[2026-07-01T16:14:40.660+0000] {logging_mixin.py:188} INFO - [2026-07-01T16:14:40.660+0000] {dagbag.py:545} INFO - Filling up the DagBag from /opt/airflow/dags/crypto_pipeline.py
[2026-07-01T16:14:40.707+0000] {processor.py:840} INFO - DAG(s) 'crypto_medallion_pipeline' retrieved from /opt/airflow/dags/crypto_pipeline.py
[2026-07-01T16:14:40.744+0000] {logging_mixin.py:188} INFO - [2026-07-01T16:14:40.744+0000] {dag.py:3096} INFO - Sync 1 DAGs
[2026-07-01T16:14:40.773+0000] {logging_mixin.py:188} INFO - [2026-07-01T16:14:40.773+0000] {dag.py:3954} INFO - Setting next_dagrun for crypto_medallion_pipeline to 2026-06-30 00:00:00+00:00, run_after=2026-07-01 00:00:00+00:00
[2026-07-01T16:14:40.798+0000] {processor.py:183} INFO - Processing /opt/airflow/dags/crypto_pipeline.py took 0.151 seconds
[2026-07-01T16:15:10.954+0000] {processor.py:161} INFO - Started process (PID=228) to work on /opt/airflow/dags/crypto_pipeline.py
[2026-07-01T16:15:10.957+0000] {processor.py:830} INFO - Processing file /opt/airflow/dags/crypto_pipeline.py for tasks to queue
[2026-07-01T16:15:10.959+0000] {logging_mixin.py:188} INFO - [2026-07-01T16:15:10.959+0000] {dagbag.py:545} INFO - Filling up the DagBag from /opt/airflow/dags/crypto_pipeline.py
[2026-07-01T16:15:10.997+0000] {processor.py:840} INFO - DAG(s) 'crypto_medallion_pipeline' retrieved from /opt/airflow/dags/crypto_pipeline.py
[2026-07-01T16:15:11.034+0000] {logging_mixin.py:188} INFO - [2026-07-01T16:15:11.033+0000] {dag.py:3096} INFO - Sync 1 DAGs
[2026-07-01T16:15:11.065+0000] {logging_mixin.py:188} INFO - [2026-07-01T16:15:11.065+0000] {dag.py:3954} INFO - Setting next_dagrun for crypto_medallion_pipeline to 2026-06-30 00:00:00+00:00, run_after=2026-07-01 00:00:00+00:00
[2026-07-01T16:15:11.110+0000] {processor.py:183} INFO - Processing /opt/airflow/dags/crypto_pipeline.py took 0.163 seconds
[2026-07-01T16:15:41.310+0000] {processor.py:161} INFO - Started process (PID=233) to work on /opt/airflow/dags/crypto_pipeline.py
[2026-07-01T16:15:41.312+0000] {processor.py:830} INFO - Processing file /opt/airflow/dags/crypto_pipeline.py for tasks to queue
[2026-07-01T16:15:41.315+0000] {logging_mixin.py:188} INFO - [2026-07-01T16:15:41.314+0000] {dagbag.py:545} INFO - Filling up the DagBag from /opt/airflow/dags/crypto_pipeline.py
[2026-07-01T16:15:41.359+0000] {processor.py:840} INFO - DAG(s) 'crypto_medallion_pipeline' retrieved from /opt/airflow/dags/crypto_pipeline.py
[2026-07-01T16:15:41.393+0000] {logging_mixin.py:188} INFO - [2026-07-01T16:15:41.392+0000] {dag.py:3096} INFO - Sync 1 DAGs
[2026-07-01T16:15:41.421+0000] {logging_mixin.py:188} INFO - [2026-07-01T16:15:41.421+0000] {dag.py:3954} INFO - Setting next_dagrun for crypto_medallion_pipeline to 2026-06-30 00:00:00+00:00, run_after=2026-07-01 00:00:00+00:00
[2026-07-01T16:15:41.626+0000] {processor.py:183} INFO - Processing /opt/airflow/dags/crypto_pipeline.py took 0.324 seconds
[2026-07-01T16:16:11.924+0000] {processor.py:161} INFO - Started process (PID=238) to work on /opt/airflow/dags/crypto_pipeline.py
[2026-07-01T16:16:11.927+0000] {processor.py:830} INFO - Processing file /opt/airflow/dags/crypto_pipeline.py for tasks to queue
[2026-07-01T16:16:11.931+0000] {logging_mixin.py:188} INFO - [2026-07-01T16:16:11.930+0000] {dagbag.py:545} INFO - Filling up the DagBag from /opt/airflow/dags/crypto_pipeline.py
[2026-07-01T16:16:11.963+0000] {processor.py:840} INFO - DAG(s) 'crypto_medallion_pipeline' retrieved from /opt/airflow/dags/crypto_pipeline.py
[2026-07-01T16:16:12.000+0000] {logging_mixin.py:188} INFO - [2026-07-01T16:16:12.000+0000] {dag.py:3096} INFO - Sync 1 DAGs
[2026-07-01T16:16:12.197+0000] {logging_mixin.py:188} INFO - [2026-07-01T16:16:12.197+0000] {dag.py:3954} INFO - Setting next_dagrun for crypto_medallion_pipeline to 2026-06-30 00:00:00+00:00, run_after=2026-07-01 00:00:00+00:00
[2026-07-01T16:16:12.239+0000] {processor.py:183} INFO - Processing /opt/airflow/dags/crypto_pipeline.py took 0.322 seconds
[2026-07-01T16:16:42.562+0000] {processor.py:161} INFO - Started process (PID=243) to work on /opt/airflow/dags/crypto_pipeline.py
[2026-07-01T16:16:42.565+0000] {processor.py:830} INFO - Processing file /opt/airflow/dags/crypto_pipeline.py for tasks to queue
[2026-07-01T16:16:42.570+0000] {logging_mixin.py:188} INFO - [2026-07-01T16:16:42.569+0000] {dagbag.py:545} INFO - Filling up the DagBag from /opt/airflow/dags/crypto_pipeline.py
[2026-07-01T16:16:42.611+0000] {processor.py:840} INFO - DAG(s) 'crypto_medallion_pipeline' retrieved from /opt/airflow/dags/crypto_pipeline.py
[2026-07-01T16:16:42.812+0000] {logging_mixin.py:188} INFO - [2026-07-01T16:16:42.812+0000] {dag.py:3096} INFO - Sync 1 DAGs
[2026-07-01T16:16:42.840+0000] {logging_mixin.py:188} INFO - [2026-07-01T16:16:42.840+0000] {dag.py:3954} INFO - Setting next_dagrun for crypto_medallion_pipeline to 2026-06-30 00:00:00+00:00, run_after=2026-07-01 00:00:00+00:00
[2026-07-01T16:16:42.874+0000] {processor.py:183} INFO - Processing /opt/airflow/dags/crypto_pipeline.py took 0.321 seconds
[2026-07-01T16:17:13.263+0000] {processor.py:161} INFO - Started process (PID=248) to work on /opt/airflow/dags/crypto_pipeline.py
[2026-07-01T16:17:13.266+0000] {processor.py:830} INFO - Processing file /opt/airflow/dags/crypto_pipeline.py for tasks to queue
[2026-07-01T16:17:13.273+0000] {logging_mixin.py:188} INFO - [2026-07-01T16:17:13.272+0000] {dagbag.py:545} INFO - Filling up the DagBag from /opt/airflow/dags/crypto_pipeline.py
[2026-07-01T16:17:13.333+0000] {processor.py:840} INFO - DAG(s) 'crypto_medallion_pipeline' retrieved from /opt/airflow/dags/crypto_pipeline.py
[2026-07-01T16:17:13.430+0000] {logging_mixin.py:188} INFO - [2026-07-01T16:17:13.430+0000] {dag.py:3096} INFO - Sync 1 DAGs
[2026-07-01T16:17:13.501+0000] {logging_mixin.py:188} INFO - [2026-07-01T16:17:13.501+0000] {dag.py:3954} INFO - Setting next_dagrun for crypto_medallion_pipeline to 2026-06-30 00:00:00+00:00, run_after=2026-07-01 00:00:00+00:00
[2026-07-01T16:17:13.597+0000] {processor.py:183} INFO - Processing /opt/airflow/dags/crypto_pipeline.py took 0.350 seconds
[2026-07-01T16:19:51.621+0000] {processor.py:161} INFO - Started process (PID=253) to work on /opt/airflow/dags/crypto_pipeline.py
[2026-07-01T16:19:51.634+0000] {processor.py:830} INFO - Processing file /opt/airflow/dags/crypto_pipeline.py for tasks to queue
[2026-07-01T16:19:51.664+0000] {logging_mixin.py:188} INFO - [2026-07-01T16:19:51.663+0000] {dagbag.py:545} INFO - Filling up the DagBag from /opt/airflow/dags/crypto_pipeline.py
[2026-07-01T16:19:52.250+0000] {processor.py:840} INFO - DAG(s) 'crypto_medallion_pipeline' retrieved from /opt/airflow/dags/crypto_pipeline.py
[2026-07-01T16:19:52.304+0000] {logging_mixin.py:188} INFO - [2026-07-01T16:19:52.304+0000] {dag.py:3096} INFO - Sync 1 DAGs
[2026-07-01T16:19:52.393+0000] {logging_mixin.py:188} INFO - [2026-07-01T16:19:52.393+0000] {dag.py:3954} INFO - Setting next_dagrun for crypto_medallion_pipeline to 2026-06-30 00:00:00+00:00, run_after=2026-07-01 00:00:00+00:00
[2026-07-01T16:19:52.639+0000] {processor.py:183} INFO - Processing /opt/airflow/dags/crypto_pipeline.py took 1.041 seconds
[2026-07-01T16:20:23.130+0000] {processor.py:161} INFO - Started process (PID=258) to work on /opt/airflow/dags/crypto_pipeline.py
[2026-07-01T16:20:23.132+0000] {processor.py:830} INFO - Processing file /opt/airflow/dags/crypto_pipeline.py for tasks to queue
[2026-07-01T16:20:23.137+0000] {logging_mixin.py:188} INFO - [2026-07-01T16:20:23.136+0000] {dagbag.py:545} INFO - Filling up the DagBag from /opt/airflow/dags/crypto_pipeline.py
[2026-07-01T16:20:23.186+0000] {processor.py:840} INFO - DAG(s) 'crypto_medallion_pipeline' retrieved from /opt/airflow/dags/crypto_pipeline.py
[2026-07-01T16:20:23.245+0000] {logging_mixin.py:188} INFO - [2026-07-01T16:20:23.244+0000] {dag.py:3096} INFO - Sync 1 DAGs
[2026-07-01T16:20:23.272+0000] {logging_mixin.py:188} INFO - [2026-07-01T16:20:23.272+0000] {dag.py:3954} INFO - Setting next_dagrun for crypto_medallion_pipeline to 2026-06-30 00:00:00+00:00, run_after=2026-07-01 00:00:00+00:00
[2026-07-01T16:20:23.309+0000] {processor.py:183} INFO - Processing /opt/airflow/dags/crypto_pipeline.py took 0.187 seconds
[2026-07-01T16:20:53.596+0000] {processor.py:161} INFO - Started process (PID=263) to work on /opt/airflow/dags/crypto_pipeline.py
[2026-07-01T16:20:53.599+0000] {processor.py:830} INFO - Processing file /opt/airflow/dags/crypto_pipeline.py for tasks to queue
[2026-07-01T16:20:53.603+0000] {logging_mixin.py:188} INFO - [2026-07-01T16:20:53.603+0000] {dagbag.py:545} INFO - Filling up the DagBag from /opt/airflow/dags/crypto_pipeline.py
[2026-07-01T16:20:53.667+0000] {processor.py:840} INFO - DAG(s) 'crypto_medallion_pipeline' retrieved from /opt/airflow/dags/crypto_pipeline.py
[2026-07-01T16:20:53.703+0000] {logging_mixin.py:188} INFO - [2026-07-01T16:20:53.703+0000] {dag.py:3096} INFO - Sync 1 DAGs
[2026-07-01T16:20:53.731+0000] {logging_mixin.py:188} INFO - [2026-07-01T16:20:53.731+0000] {dag.py:3954} INFO - Setting next_dagrun for crypto_medallion_pipeline to 2026-06-30 00:00:00+00:00, run_after=2026-07-01 00:00:00+00:00
[2026-07-01T16:20:53.994+0000] {processor.py:183} INFO - Processing /opt/airflow/dags/crypto_pipeline.py took 0.406 seconds
[2026-07-01T16:21:24.246+0000] {processor.py:161} INFO - Started process (PID=268) to work on /opt/airflow/dags/crypto_pipeline.py
[2026-07-01T16:21:24.248+0000] {processor.py:830} INFO - Processing file /opt/airflow/dags/crypto_pipeline.py for tasks to queue
[2026-07-01T16:21:24.250+0000] {logging_mixin.py:188} INFO - [2026-07-01T16:21:24.249+0000] {dagbag.py:545} INFO - Filling up the DagBag from /opt/airflow/dags/crypto_pipeline.py
[2026-07-01T16:21:24.278+0000] {processor.py:840} INFO - DAG(s) 'crypto_medallion_pipeline' retrieved from /opt/airflow/dags/crypto_pipeline.py
[2026-07-01T16:21:24.299+0000] {logging_mixin.py:188} INFO - [2026-07-01T16:21:24.299+0000] {dag.py:3096} INFO - Sync 1 DAGs
[2026-07-01T16:21:24.419+0000] {logging_mixin.py:188} INFO - [2026-07-01T16:21:24.419+0000] {dag.py:3954} INFO - Setting next_dagrun for crypto_medallion_pipeline to 2026-06-30 00:00:00+00:00, run_after=2026-07-01 00:00:00+00:00
[2026-07-01T16:21:24.440+0000] {processor.py:183} INFO - Processing /opt/airflow/dags/crypto_pipeline.py took 0.198 seconds
[2026-07-01T16:21:54.653+0000] {processor.py:161} INFO - Started process (PID=273) to work on /opt/airflow/dags/crypto_pipeline.py
[2026-07-01T16:21:54.655+0000] {processor.py:830} INFO - Processing file /opt/airflow/dags/crypto_pipeline.py for tasks to queue
[2026-07-01T16:21:54.657+0000] {logging_mixin.py:188} INFO - [2026-07-01T16:21:54.657+0000] {dagbag.py:545} INFO - Filling up the DagBag from /opt/airflow/dags/crypto_pipeline.py
[2026-07-01T16:21:54.681+0000] {processor.py:840} INFO - DAG(s) 'crypto_medallion_pipeline' retrieved from /opt/airflow/dags/crypto_pipeline.py
[2026-07-01T16:21:54.703+0000] {logging_mixin.py:188} INFO - [2026-07-01T16:21:54.703+0000] {dag.py:3096} INFO - Sync 1 DAGs
[2026-07-01T16:21:54.814+0000] {logging_mixin.py:188} INFO - [2026-07-01T16:21:54.814+0000] {dag.py:3954} INFO - Setting next_dagrun for crypto_medallion_pipeline to 2026-06-30 00:00:00+00:00, run_after=2026-07-01 00:00:00+00:00
[2026-07-01T16:21:54.833+0000] {processor.py:183} INFO - Processing /opt/airflow/dags/crypto_pipeline.py took 0.185 seconds
[2026-07-01T16:22:25.062+0000] {processor.py:161} INFO - Started process (PID=279) to work on /opt/airflow/dags/crypto_pipeline.py
[2026-07-01T16:22:25.064+0000] {processor.py:830} INFO - Processing file /opt/airflow/dags/crypto_pipeline.py for tasks to queue
[2026-07-01T16:22:25.066+0000] {logging_mixin.py:188} INFO - [2026-07-01T16:22:25.066+0000] {dagbag.py:545} INFO - Filling up the DagBag from /opt/airflow/dags/crypto_pipeline.py
[2026-07-01T16:22:25.101+0000] {processor.py:840} INFO - DAG(s) 'crypto_medallion_pipeline' retrieved from /opt/airflow/dags/crypto_pipeline.py
[2026-07-01T16:22:25.292+0000] {logging_mixin.py:188} INFO - [2026-07-01T16:22:25.291+0000] {dag.py:3096} INFO - Sync 1 DAGs
[2026-07-01T16:22:25.323+0000] {logging_mixin.py:188} INFO - [2026-07-01T16:22:25.322+0000] {dag.py:3954} INFO - Setting next_dagrun for crypto_medallion_pipeline to 2026-07-01 00:00:00+00:00, run_after=2026-07-02 00:00:00+00:00
[2026-07-01T16:22:25.353+0000] {processor.py:183} INFO - Processing /opt/airflow/dags/crypto_pipeline.py took 0.297 seconds
[2026-07-01T16:22:55.610+0000] {processor.py:161} INFO - Started process (PID=291) to work on /opt/airflow/dags/crypto_pipeline.py
[2026-07-01T16:22:55.612+0000] {processor.py:830} INFO - Processing file /opt/airflow/dags/crypto_pipeline.py for tasks to queue
[2026-07-01T16:22:55.616+0000] {logging_mixin.py:188} INFO - [2026-07-01T16:22:55.615+0000] {dagbag.py:545} INFO - Filling up the DagBag from /opt/airflow/dags/crypto_pipeline.py
[2026-07-01T16:22:55.660+0000] {processor.py:840} INFO - DAG(s) 'crypto_medallion_pipeline' retrieved from /opt/airflow/dags/crypto_pipeline.py
[2026-07-01T16:22:55.702+0000] {logging_mixin.py:188} INFO - [2026-07-01T16:22:55.701+0000] {dag.py:3096} INFO - Sync 1 DAGs
[2026-07-01T16:22:55.745+0000] {logging_mixin.py:188} INFO - [2026-07-01T16:22:55.745+0000] {dag.py:3954} INFO - Setting next_dagrun for crypto_medallion_pipeline to 2026-07-01 00:00:00+00:00, run_after=2026-07-02 00:00:00+00:00
[2026-07-01T16:22:55.781+0000] {processor.py:183} INFO - Processing /opt/airflow/dags/crypto_pipeline.py took 0.184 seconds
[2026-07-01T16:23:25.988+0000] {processor.py:161} INFO - Started process (PID=296) to work on /opt/airflow/dags/crypto_pipeline.py
[2026-07-01T16:23:25.989+0000] {processor.py:830} INFO - Processing file /opt/airflow/dags/crypto_pipeline.py for tasks to queue
[2026-07-01T16:23:25.991+0000] {logging_mixin.py:188} INFO - [2026-07-01T16:23:25.990+0000] {dagbag.py:545} INFO - Filling up the DagBag from /opt/airflow/dags/crypto_pipeline.py
[2026-07-01T16:23:26.016+0000] {processor.py:840} INFO - DAG(s) 'crypto_medallion_pipeline' retrieved from /opt/airflow/dags/crypto_pipeline.py
[2026-07-01T16:23:26.037+0000] {logging_mixin.py:188} INFO - [2026-07-01T16:23:26.037+0000] {dag.py:3096} INFO - Sync 1 DAGs
[2026-07-01T16:23:26.053+0000] {logging_mixin.py:188} INFO - [2026-07-01T16:23:26.053+0000] {dag.py:3954} INFO - Setting next_dagrun for crypto_medallion_pipeline to 2026-07-01 00:00:00+00:00, run_after=2026-07-02 00:00:00+00:00
[2026-07-01T16:23:26.070+0000] {processor.py:183} INFO - Processing /opt/airflow/dags/crypto_pipeline.py took 0.087 seconds
[2026-07-01T16:23:56.215+0000] {processor.py:161} INFO - Started process (PID=301) to work on /opt/airflow/dags/crypto_pipeline.py
[2026-07-01T16:23:56.218+0000] {processor.py:830} INFO - Processing file /opt/airflow/dags/crypto_pipeline.py for tasks to queue
[2026-07-01T16:23:56.221+0000] {logging_mixin.py:188} INFO - [2026-07-01T16:23:56.221+0000] {dagbag.py:545} INFO - Filling up the DagBag from /opt/airflow/dags/crypto_pipeline.py
[2026-07-01T16:23:56.259+0000] {processor.py:840} INFO - DAG(s) 'crypto_medallion_pipeline' retrieved from /opt/airflow/dags/crypto_pipeline.py
[2026-07-01T16:23:56.307+0000] {logging_mixin.py:188} INFO - [2026-07-01T16:23:56.306+0000] {dag.py:3096} INFO - Sync 1 DAGs
[2026-07-01T16:23:56.341+0000] {logging_mixin.py:188} INFO - [2026-07-01T16:23:56.341+0000] {dag.py:3954} INFO - Setting next_dagrun for crypto_medallion_pipeline to 2026-07-01 00:00:00+00:00, run_after=2026-07-02 00:00:00+00:00
[2026-07-01T16:23:56.532+0000] {processor.py:183} INFO - Processing /opt/airflow/dags/crypto_pipeline.py took 0.323 seconds
[2026-07-01T16:24:26.738+0000] {processor.py:161} INFO - Started process (PID=306) to work on /opt/airflow/dags/crypto_pipeline.py
[2026-07-01T16:24:26.740+0000] {processor.py:830} INFO - Processing file /opt/airflow/dags/crypto_pipeline.py for tasks to queue
[2026-07-01T16:24:26.741+0000] {logging_mixin.py:188} INFO - [2026-07-01T16:24:26.741+0000] {dagbag.py:545} INFO - Filling up the DagBag from /opt/airflow/dags/crypto_pipeline.py
[2026-07-01T16:24:26.768+0000] {processor.py:840} INFO - DAG(s) 'crypto_medallion_pipeline' retrieved from /opt/airflow/dags/crypto_pipeline.py
[2026-07-01T16:24:26.793+0000] {logging_mixin.py:188} INFO - [2026-07-01T16:24:26.793+0000] {dag.py:3096} INFO - Sync 1 DAGs
[2026-07-01T16:24:26.906+0000] {logging_mixin.py:188} INFO - [2026-07-01T16:24:26.906+0000] {dag.py:3954} INFO - Setting next_dagrun for crypto_medallion_pipeline to 2026-07-01 00:00:00+00:00, run_after=2026-07-02 00:00:00+00:00
[2026-07-01T16:24:26.928+0000] {processor.py:183} INFO - Processing /opt/airflow/dags/crypto_pipeline.py took 0.194 seconds
[2026-07-01T16:24:57.386+0000] {processor.py:161} INFO - Started process (PID=311) to work on /opt/airflow/dags/crypto_pipeline.py
[2026-07-01T16:24:57.390+0000] {processor.py:830} INFO - Processing file /opt/airflow/dags/crypto_pipeline.py for tasks to queue
[2026-07-01T16:24:57.397+0000] {logging_mixin.py:188} INFO - [2026-07-01T16:24:57.396+0000] {dagbag.py:545} INFO - Filling up the DagBag from /opt/airflow/dags/crypto_pipeline.py
[2026-07-01T16:24:57.536+0000] {processor.py:840} INFO - DAG(s) 'crypto_medallion_pipeline' retrieved from /opt/airflow/dags/crypto_pipeline.py
[2026-07-01T16:24:57.951+0000] {logging_mixin.py:188} INFO - [2026-07-01T16:24:57.950+0000] {dag.py:3096} INFO - Sync 1 DAGs
[2026-07-01T16:24:58.032+0000] {logging_mixin.py:188} INFO - [2026-07-01T16:24:58.031+0000] {dag.py:3954} INFO - Setting next_dagrun for crypto_medallion_pipeline to 2026-07-01 00:00:00+00:00, run_after=2026-07-02 00:00:00+00:00
[2026-07-01T16:24:58.160+0000] {processor.py:183} INFO - Processing /opt/airflow/dags/crypto_pipeline.py took 0.824 seconds
[2026-07-01T16:25:28.471+0000] {processor.py:161} INFO - Started process (PID=316) to work on /opt/airflow/dags/crypto_pipeline.py
[2026-07-01T16:25:28.474+0000] {processor.py:830} INFO - Processing file /opt/airflow/dags/crypto_pipeline.py for tasks to queue
[2026-07-01T16:25:28.478+0000] {logging_mixin.py:188} INFO - [2026-07-01T16:25:28.477+0000] {dagbag.py:545} INFO - Filling up the DagBag from /opt/airflow/dags/crypto_pipeline.py
[2026-07-01T16:25:28.516+0000] {processor.py:840} INFO - DAG(s) 'crypto_medallion_pipeline' retrieved from /opt/airflow/dags/crypto_pipeline.py
[2026-07-01T16:25:28.710+0000] {logging_mixin.py:188} INFO - [2026-07-01T16:25:28.710+0000] {dag.py:3096} INFO - Sync 1 DAGs
[2026-07-01T16:25:28.743+0000] {logging_mixin.py:188} INFO - [2026-07-01T16:25:28.743+0000] {dag.py:3954} INFO - Setting next_dagrun for crypto_medallion_pipeline to 2026-07-01 00:00:00+00:00, run_after=2026-07-02 00:00:00+00:00
[2026-07-01T16:25:28.767+0000] {processor.py:183} INFO - Processing /opt/airflow/dags/crypto_pipeline.py took 0.305 seconds
[2026-07-01T16:25:58.824+0000] {processor.py:161} INFO - Started process (PID=321) to work on /opt/airflow/dags/crypto_pipeline.py
[2026-07-01T16:25:58.826+0000] {processor.py:830} INFO - Processing file /opt/airflow/dags/crypto_pipeline.py for tasks to queue
[2026-07-01T16:25:58.828+0000] {logging_mixin.py:188} INFO - [2026-07-01T16:25:58.827+0000] {dagbag.py:545} INFO - Filling up the DagBag from /opt/airflow/dags/crypto_pipeline.py
[2026-07-01T16:25:58.855+0000] {processor.py:840} INFO - DAG(s) 'crypto_medallion_pipeline' retrieved from /opt/airflow/dags/crypto_pipeline.py
[2026-07-01T16:25:58.874+0000] {logging_mixin.py:188} INFO - [2026-07-01T16:25:58.874+0000] {dag.py:3096} INFO - Sync 1 DAGs
[2026-07-01T16:25:58.890+0000] {logging_mixin.py:188} INFO - [2026-07-01T16:25:58.890+0000] {dag.py:3954} INFO - Setting next_dagrun for crypto_medallion_pipeline to 2026-07-01 00:00:00+00:00, run_after=2026-07-02 00:00:00+00:00
[2026-07-01T16:25:58.910+0000] {processor.py:183} INFO - Processing /opt/airflow/dags/crypto_pipeline.py took 0.091 seconds
[2026-07-01T16:26:29.005+0000] {processor.py:161} INFO - Started process (PID=326) to work on /opt/airflow/dags/crypto_pipeline.py
[2026-07-01T16:26:29.006+0000] {processor.py:830} INFO - Processing file /opt/airflow/dags/crypto_pipeline.py for tasks to queue
[2026-07-01T16:26:29.009+0000] {logging_mixin.py:188} INFO - [2026-07-01T16:26:29.009+0000] {dagbag.py:545} INFO - Filling up the DagBag from /opt/airflow/dags/crypto_pipeline.py
[2026-07-01T16:26:29.041+0000] {processor.py:840} INFO - DAG(s) 'crypto_medallion_pipeline' retrieved from /opt/airflow/dags/crypto_pipeline.py
[2026-07-01T16:26:29.063+0000] {logging_mixin.py:188} INFO - [2026-07-01T16:26:29.063+0000] {dag.py:3096} INFO - Sync 1 DAGs
[2026-07-01T16:26:29.080+0000] {logging_mixin.py:188} INFO - [2026-07-01T16:26:29.080+0000] {dag.py:3954} INFO - Setting next_dagrun for crypto_medallion_pipeline to 2026-07-01 00:00:00+00:00, run_after=2026-07-02 00:00:00+00:00
[2026-07-01T16:26:29.099+0000] {processor.py:183} INFO - Processing /opt/airflow/dags/crypto_pipeline.py took 0.099 seconds
[2026-07-01T16:26:59.322+0000] {processor.py:161} INFO - Started process (PID=331) to work on /opt/airflow/dags/crypto_pipeline.py
[2026-07-01T16:26:59.324+0000] {processor.py:830} INFO - Processing file /opt/airflow/dags/crypto_pipeline.py for tasks to queue
[2026-07-01T16:26:59.325+0000] {logging_mixin.py:188} INFO - [2026-07-01T16:26:59.325+0000] {dagbag.py:545} INFO - Filling up the DagBag from /opt/airflow/dags/crypto_pipeline.py
[2026-07-01T16:26:59.356+0000] {processor.py:840} INFO - DAG(s) 'crypto_medallion_pipeline' retrieved from /opt/airflow/dags/crypto_pipeline.py
[2026-07-01T16:26:59.379+0000] {logging_mixin.py:188} INFO - [2026-07-01T16:26:59.378+0000] {dag.py:3096} INFO - Sync 1 DAGs
[2026-07-01T16:26:59.395+0000] {logging_mixin.py:188} INFO - [2026-07-01T16:26:59.395+0000] {dag.py:3954} INFO - Setting next_dagrun for crypto_medallion_pipeline to 2026-07-01 00:00:00+00:00, run_after=2026-07-02 00:00:00+00:00
[2026-07-01T16:26:59.414+0000] {processor.py:183} INFO - Processing /opt/airflow/dags/crypto_pipeline.py took 0.096 seconds
[2026-07-01T16:27:29.517+0000] {processor.py:161} INFO - Started process (PID=336) to work on /opt/airflow/dags/crypto_pipeline.py
[2026-07-01T16:27:29.519+0000] {processor.py:830} INFO - Processing file /opt/airflow/dags/crypto_pipeline.py for tasks to queue
[2026-07-01T16:27:29.521+0000] {logging_mixin.py:188} INFO - [2026-07-01T16:27:29.521+0000] {dagbag.py:545} INFO - Filling up the DagBag from /opt/airflow/dags/crypto_pipeline.py
[2026-07-01T16:27:29.546+0000] {processor.py:840} INFO - DAG(s) 'crypto_medallion_pipeline' retrieved from /opt/airflow/dags/crypto_pipeline.py
[2026-07-01T16:27:29.566+0000] {logging_mixin.py:188} INFO - [2026-07-01T16:27:29.566+0000] {dag.py:3096} INFO - Sync 1 DAGs
[2026-07-01T16:27:29.583+0000] {logging_mixin.py:188} INFO - [2026-07-01T16:27:29.583+0000] {dag.py:3954} INFO - Setting next_dagrun for crypto_medallion_pipeline to 2026-07-01 00:00:00+00:00, run_after=2026-07-02 00:00:00+00:00
[2026-07-01T16:27:29.605+0000] {processor.py:183} INFO - Processing /opt/airflow/dags/crypto_pipeline.py took 0.092 seconds
[2026-07-01T16:27:59.814+0000] {processor.py:161} INFO - Started process (PID=341) to work on /opt/airflow/dags/crypto_pipeline.py
[2026-07-01T16:27:59.816+0000] {processor.py:830} INFO - Processing file /opt/airflow/dags/crypto_pipeline.py for tasks to queue
[2026-07-01T16:27:59.823+0000] {logging_mixin.py:188} INFO - [2026-07-01T16:27:59.822+0000] {dagbag.py:545} INFO - Filling up the DagBag from /opt/airflow/dags/crypto_pipeline.py
[2026-07-01T16:27:59.869+0000] {processor.py:840} INFO - DAG(s) 'crypto_medallion_pipeline' retrieved from /opt/airflow/dags/crypto_pipeline.py
[2026-07-01T16:27:59.924+0000] {logging_mixin.py:188} INFO - [2026-07-01T16:27:59.923+0000] {dag.py:3096} INFO - Sync 1 DAGs
[2026-07-01T16:27:59.961+0000] {logging_mixin.py:188} INFO - [2026-07-01T16:27:59.960+0000] {dag.py:3954} INFO - Setting next_dagrun for crypto_medallion_pipeline to 2026-07-01 00:00:00+00:00, run_after=2026-07-02 00:00:00+00:00
[2026-07-01T16:28:00.001+0000] {processor.py:183} INFO - Processing /opt/airflow/dags/crypto_pipeline.py took 0.195 seconds
[2026-07-01T16:28:30.259+0000] {processor.py:161} INFO - Started process (PID=346) to work on /opt/airflow/dags/crypto_pipeline.py
[2026-07-01T16:28:30.262+0000] {processor.py:830} INFO - Processing file /opt/airflow/dags/crypto_pipeline.py for tasks to queue
[2026-07-01T16:28:30.270+0000] {logging_mixin.py:188} INFO - [2026-07-01T16:28:30.268+0000] {dagbag.py:545} INFO - Filling up the DagBag from /opt/airflow/dags/crypto_pipeline.py
[2026-07-01T16:28:30.314+0000] {processor.py:840} INFO - DAG(s) 'crypto_medallion_pipeline' retrieved from /opt/airflow/dags/crypto_pipeline.py
[2026-07-01T16:28:30.364+0000] {logging_mixin.py:188} INFO - [2026-07-01T16:28:30.363+0000] {dag.py:3096} INFO - Sync 1 DAGs
[2026-07-01T16:28:30.405+0000] {logging_mixin.py:188} INFO - [2026-07-01T16:28:30.404+0000] {dag.py:3954} INFO - Setting next_dagrun for crypto_medallion_pipeline to 2026-07-01 00:00:00+00:00, run_after=2026-07-02 00:00:00+00:00
[2026-07-01T16:28:30.442+0000] {processor.py:183} INFO - Processing /opt/airflow/dags/crypto_pipeline.py took 0.194 seconds
[2026-07-01T16:29:00.677+0000] {processor.py:161} INFO - Started process (PID=351) to work on /opt/airflow/dags/crypto_pipeline.py
[2026-07-01T16:29:00.678+0000] {processor.py:830} INFO - Processing file /opt/airflow/dags/crypto_pipeline.py for tasks to queue
[2026-07-01T16:29:00.680+0000] {logging_mixin.py:188} INFO - [2026-07-01T16:29:00.680+0000] {dagbag.py:545} INFO - Filling up the DagBag from /opt/airflow/dags/crypto_pipeline.py
[2026-07-01T16:29:00.705+0000] {processor.py:840} INFO - DAG(s) 'crypto_medallion_pipeline' retrieved from /opt/airflow/dags/crypto_pipeline.py
[2026-07-01T16:29:00.730+0000] {logging_mixin.py:188} INFO - [2026-07-01T16:29:00.730+0000] {dag.py:3096} INFO - Sync 1 DAGs
[2026-07-01T16:29:00.749+0000] {logging_mixin.py:188} INFO - [2026-07-01T16:29:00.749+0000] {dag.py:3954} INFO - Setting next_dagrun for crypto_medallion_pipeline to 2026-07-01 00:00:00+00:00, run_after=2026-07-02 00:00:00+00:00
[2026-07-01T16:29:00.768+0000] {processor.py:183} INFO - Processing /opt/airflow/dags/crypto_pipeline.py took 0.097 seconds
[2026-07-01T16:29:30.969+0000] {processor.py:161} INFO - Started process (PID=356) to work on /opt/airflow/dags/crypto_pipeline.py
[2026-07-01T16:29:30.970+0000] {processor.py:830} INFO - Processing file /opt/airflow/dags/crypto_pipeline.py for tasks to queue
[2026-07-01T16:29:30.973+0000] {logging_mixin.py:188} INFO - [2026-07-01T16:29:30.972+0000] {dagbag.py:545} INFO - Filling up the DagBag from /opt/airflow/dags/crypto_pipeline.py
[2026-07-01T16:29:31.009+0000] {processor.py:840} INFO - DAG(s) 'crypto_medallion_pipeline' retrieved from /opt/airflow/dags/crypto_pipeline.py
[2026-07-01T16:29:31.038+0000] {logging_mixin.py:188} INFO - [2026-07-01T16:29:31.037+0000] {dag.py:3096} INFO - Sync 1 DAGs
[2026-07-01T16:29:31.058+0000] {logging_mixin.py:188} INFO - [2026-07-01T16:29:31.058+0000] {dag.py:3954} INFO - Setting next_dagrun for crypto_medallion_pipeline to 2026-07-01 00:00:00+00:00, run_after=2026-07-02 00:00:00+00:00
[2026-07-01T16:29:31.086+0000] {processor.py:183} INFO - Processing /opt/airflow/dags/crypto_pipeline.py took 0.123 seconds
[2026-07-01T16:30:01.186+0000] {processor.py:161} INFO - Started process (PID=361) to work on /opt/airflow/dags/crypto_pipeline.py
[2026-07-01T16:30:01.188+0000] {processor.py:830} INFO - Processing file /opt/airflow/dags/crypto_pipeline.py for tasks to queue
[2026-07-01T16:30:01.192+0000] {logging_mixin.py:188} INFO - [2026-07-01T16:30:01.191+0000] {dagbag.py:545} INFO - Filling up the DagBag from /opt/airflow/dags/crypto_pipeline.py
[2026-07-01T16:30:01.228+0000] {processor.py:840} INFO - DAG(s) 'crypto_medallion_pipeline' retrieved from /opt/airflow/dags/crypto_pipeline.py
[2026-07-01T16:30:01.260+0000] {logging_mixin.py:188} INFO - [2026-07-01T16:30:01.260+0000] {dag.py:3096} INFO - Sync 1 DAGs
[2026-07-01T16:30:01.284+0000] {logging_mixin.py:188} INFO - [2026-07-01T16:30:01.283+0000] {dag.py:3954} INFO - Setting next_dagrun for crypto_medallion_pipeline to 2026-07-01 00:00:00+00:00, run_after=2026-07-02 00:00:00+00:00
[2026-07-01T16:30:01.308+0000] {processor.py:183} INFO - Processing /opt/airflow/dags/crypto_pipeline.py took 0.128 seconds
[2026-07-01T16:30:31.584+0000] {processor.py:161} INFO - Started process (PID=366) to work on /opt/airflow/dags/crypto_pipeline.py
[2026-07-01T16:30:31.588+0000] {processor.py:830} INFO - Processing file /opt/airflow/dags/crypto_pipeline.py for tasks to queue
[2026-07-01T16:30:31.592+0000] {logging_mixin.py:188} INFO - [2026-07-01T16:30:31.592+0000] {dagbag.py:545} INFO - Filling up the DagBag from /opt/airflow/dags/crypto_pipeline.py
[2026-07-01T16:30:31.641+0000] {processor.py:840} INFO - DAG(s) 'crypto_medallion_pipeline' retrieved from /opt/airflow/dags/crypto_pipeline.py
[2026-07-01T16:30:31.691+0000] {logging_mixin.py:188} INFO - [2026-07-01T16:30:31.691+0000] {dag.py:3096} INFO - Sync 1 DAGs
[2026-07-01T16:30:31.720+0000] {logging_mixin.py:188} INFO - [2026-07-01T16:30:31.720+0000] {dag.py:3954} INFO - Setting next_dagrun for crypto_medallion_pipeline to 2026-07-01 00:00:00+00:00, run_after=2026-07-02 00:00:00+00:00
[2026-07-01T16:30:31.747+0000] {processor.py:183} INFO - Processing /opt/airflow/dags/crypto_pipeline.py took 0.174 seconds
