[2026-07-16T03:36:53.715+0000] {local_task_job_runner.py:120} INFO - ::group::Pre task execution logs
[2026-07-16T03:36:53.808+0000] {taskinstance.py:2076} INFO - Dependencies all met for dep_context=non-requeueable deps ti=<TaskInstance: crypto_medallion_pipeline.bronze_to_silver manual__2026-07-16T03:21:51.220097+00:00 [queued]>
[2026-07-16T03:36:53.833+0000] {taskinstance.py:2076} INFO - Dependencies all met for dep_context=requeueable deps ti=<TaskInstance: crypto_medallion_pipeline.bronze_to_silver manual__2026-07-16T03:21:51.220097+00:00 [queued]>
[2026-07-16T03:36:53.836+0000] {taskinstance.py:2306} INFO - Starting attempt 3 of 3
[2026-07-16T03:36:53.872+0000] {taskinstance.py:2330} INFO - Executing <Task(PythonOperator): bronze_to_silver> on 2026-07-16 03:21:51.220097+00:00
[2026-07-16T03:36:53.880+0000] {standard_task_runner.py:63} INFO - Started process 172 to run task
[2026-07-16T03:36:53.887+0000] {standard_task_runner.py:90} INFO - Running: ['***', 'tasks', 'run', 'crypto_medallion_pipeline', 'bronze_to_silver', 'manual__2026-07-16T03:21:51.220097+00:00', '--job-id', '35', '--raw', '--subdir', 'DAGS_FOLDER/crypto_pipeline.py', '--cfg-path', '/tmp/tmp_3jn6xab']
[2026-07-16T03:36:53.891+0000] {standard_task_runner.py:91} INFO - Job 35: Subtask bronze_to_silver
[2026-07-16T03:36:54.020+0000] {task_command.py:426} INFO - Running <TaskInstance: crypto_medallion_pipeline.bronze_to_silver manual__2026-07-16T03:21:51.220097+00:00 [running]> on host 49dea0aecf55
[2026-07-16T03:36:54.226+0000] {taskinstance.py:2648} INFO - Exporting env vars: AIRFLOW_CTX_DAG_OWNER='Carlos_yepes' AIRFLOW_CTX_DAG_ID='crypto_medallion_pipeline' AIRFLOW_CTX_TASK_ID='bronze_to_silver' AIRFLOW_CTX_EXECUTION_DATE='2026-07-16T03:21:51.220097+00:00' AIRFLOW_CTX_TRY_NUMBER='3' AIRFLOW_CTX_DAG_RUN_ID='manual__2026-07-16T03:21:51.220097+00:00'
[2026-07-16T03:36:54.229+0000] {taskinstance.py:430} INFO - ::endgroup::
[2026-07-16T03:36:54.324+0000] {taskinstance.py:441} INFO - ::group::Post task execution logs
[2026-07-16T03:36:54.326+0000] {taskinstance.py:2905} ERROR - Task failed with exception
Traceback (most recent call last):
  File "/home/airflow/.local/lib/python3.11/site-packages/airflow/models/taskinstance.py", line 465, in _execute_task
    result = _execute_callable(context=context, **execute_callable_kwargs)
             ^^^^^^^^^^^^^^^^^^^^^^^^^^^^^^^^^^^^^^^^^^^^^^^^^^^^^^^^^^^^^
  File "/home/airflow/.local/lib/python3.11/site-packages/airflow/models/taskinstance.py", line 432, in _execute_callable
    return execute_callable(context=context, **execute_callable_kwargs)
           ^^^^^^^^^^^^^^^^^^^^^^^^^^^^^^^^^^^^^^^^^^^^^^^^^^^^^^^^^^^^
  File "/home/airflow/.local/lib/python3.11/site-packages/airflow/models/baseoperator.py", line 400, in wrapper
    return func(self, *args, **kwargs)
           ^^^^^^^^^^^^^^^^^^^^^^^^^^^
  File "/home/airflow/.local/lib/python3.11/site-packages/airflow/operators/python.py", line 235, in execute
    return_value = self.execute_callable()
                   ^^^^^^^^^^^^^^^^^^^^^^^
  File "/home/airflow/.local/lib/python3.11/site-packages/airflow/operators/python.py", line 252, in execute_callable
    return self.python_callable(*self.op_args, **self.op_kwargs)
           ^^^^^^^^^^^^^^^^^^^^^^^^^^^^^^^^^^^^^^^^^^^^^^^^^^^^^
  File "/opt/airflow/dags/crypto_pipeline.py", line 57, in task_bronze_to_silver
    from spark_jobs.bronze_to_silver import run
  File "/opt/airflow/spark_jobs/bronze_to_silver.py", line 1, in <module>
    from pyspark.sql import SparkSession
ModuleNotFoundError: No module named 'pyspark'
[2026-07-16T03:36:54.577+0000] {taskinstance.py:1206} INFO - Marking task as FAILED. dag_id=crypto_medallion_pipeline, task_id=bronze_to_silver, run_id=manual__2026-07-16T03:21:51.220097+00:00, execution_date=20260716T032151, start_date=20260716T033653, end_date=20260716T033654
[2026-07-16T03:36:54.607+0000] {standard_task_runner.py:110} ERROR - Failed to execute job 35 for task bronze_to_silver (No module named 'pyspark'; 172)
[2026-07-16T03:36:54.628+0000] {local_task_job_runner.py:240} INFO - Task exited with return code 1
[2026-07-16T03:36:54.682+0000] {taskinstance.py:3498} INFO - 0 downstream tasks scheduled from follow-on schedule check
[2026-07-16T03:36:54.692+0000] {local_task_job_runner.py:222} INFO - ::endgroup::
