[2026-06-25T02:34:12.847+0000] {manager.py:470} INFO - Processing files using up to 2 processes at a time 
[2026-06-25T02:34:12.850+0000] {manager.py:471} INFO - Process each file at most once every 30 seconds
[2026-06-25T02:34:12.852+0000] {manager.py:472} INFO - Checking for new files in /opt/airflow/dags every 300 seconds
[2026-06-25T02:34:12.854+0000] {manager.py:737} INFO - Searching for files in /opt/airflow/dags
[2026-06-25T02:34:12.864+0000] {manager.py:740} INFO - There are 0 files in /opt/airflow/dags
[2026-06-25T02:36:48.903+0000] {manager.py:452} INFO - Exiting gracefully upon receiving signal 15
[2026-06-25T02:38:07.424+0000] {manager.py:470} INFO - Processing files using up to 2 processes at a time 
[2026-06-25T02:38:07.426+0000] {manager.py:471} INFO - Process each file at most once every 30 seconds
[2026-06-25T02:38:07.427+0000] {manager.py:472} INFO - Checking for new files in /opt/airflow/dags every 300 seconds
[2026-06-25T02:38:07.429+0000] {manager.py:737} INFO - Searching for files in /opt/airflow/dags
[2026-06-25T02:38:07.437+0000] {manager.py:740} INFO - There are 0 files in /opt/airflow/dags
[2026-06-25T02:43:08.022+0000] {manager.py:737} INFO - Searching for files in /opt/airflow/dags
[2026-06-25T02:43:08.034+0000] {manager.py:740} INFO - There are 0 files in /opt/airflow/dags
[2026-06-25T02:48:08.682+0000] {manager.py:737} INFO - Searching for files in /opt/airflow/dags
[2026-06-25T02:48:08.691+0000] {manager.py:740} INFO - There are 0 files in /opt/airflow/dags
[2026-06-25T02:53:09.285+0000] {manager.py:737} INFO - Searching for files in /opt/airflow/dags
[2026-06-25T02:53:09.302+0000] {manager.py:740} INFO - There are 0 files in /opt/airflow/dags
[2026-06-25T02:58:09.895+0000] {manager.py:737} INFO - Searching for files in /opt/airflow/dags
[2026-06-25T02:58:09.911+0000] {manager.py:740} INFO - There are 0 files in /opt/airflow/dags
[2026-06-25T03:03:10.424+0000] {manager.py:737} INFO - Searching for files in /opt/airflow/dags
[2026-06-25T03:03:10.445+0000] {manager.py:740} INFO - There are 0 files in /opt/airflow/dags
[2026-06-25T03:08:10.972+0000] {manager.py:737} INFO - Searching for files in /opt/airflow/dags
[2026-06-25T03:08:10.985+0000] {manager.py:740} INFO - There are 0 files in /opt/airflow/dags
[2026-06-25T03:13:11.513+0000] {manager.py:737} INFO - Searching for files in /opt/airflow/dags
[2026-06-25T03:13:11.533+0000] {manager.py:740} INFO - There are 0 files in /opt/airflow/dags
[2026-06-25T03:18:12.103+0000] {manager.py:737} INFO - Searching for files in /opt/airflow/dags
[2026-06-25T03:18:12.124+0000] {manager.py:740} INFO - There are 0 files in /opt/airflow/dags
[2026-06-25T03:23:12.718+0000] {manager.py:737} INFO - Searching for files in /opt/airflow/dags
[2026-06-25T03:23:12.740+0000] {manager.py:740} INFO - There are 0 files in /opt/airflow/dags
[2026-06-25T03:28:13.416+0000] {manager.py:737} INFO - Searching for files in /opt/airflow/dags
[2026-06-25T03:28:13.438+0000] {manager.py:740} INFO - There are 0 files in /opt/airflow/dags
[2026-06-25T03:33:14.060+0000] {manager.py:737} INFO - Searching for files in /opt/airflow/dags
[2026-06-25T03:33:14.073+0000] {manager.py:740} INFO - There are 0 files in /opt/airflow/dags
[2026-06-25T03:38:14.931+0000] {manager.py:737} INFO - Searching for files in /opt/airflow/dags
[2026-06-25T03:38:14.944+0000] {manager.py:740} INFO - There are 0 files in /opt/airflow/dags
[2026-06-25T03:43:15.740+0000] {manager.py:737} INFO - Searching for files in /opt/airflow/dags
[2026-06-25T03:43:15.759+0000] {manager.py:740} INFO - There are 0 files in /opt/airflow/dags
[2026-07-01T15:47:30.349+0000] {manager.py:470} INFO - Processing files using up to 2 processes at a time 
[2026-07-01T15:47:30.353+0000] {manager.py:471} INFO - Process each file at most once every 30 seconds
[2026-07-01T15:47:30.355+0000] {manager.py:472} INFO - Checking for new files in /opt/airflow/dags every 300 seconds
[2026-07-01T15:47:30.358+0000] {manager.py:737} INFO - Searching for files in /opt/airflow/dags
[2026-07-01T15:47:30.418+0000] {manager.py:740} INFO - There are 1 files in /opt/airflow/dags
[2026-07-01T15:47:30.652+0000] {manager.py:878} INFO - 
================================================================================
DAG File Processing Stats

File Path                               PID  Runtime      # DAGs    # Errors  Last Runtime    Last Run
------------------------------------  -----  ---------  --------  ----------  --------------  ----------
/opt/airflow/dags/crypto_pipeline.py    168  0.10s             0           0
================================================================================
[2026-07-01T15:48:00.884+0000] {manager.py:878} INFO - 
================================================================================
DAG File Processing Stats

File Path                             PID    Runtime      # DAGs    # Errors  Last Runtime    Last Run
------------------------------------  -----  ---------  --------  ----------  --------------  -------------------
/opt/airflow/dags/crypto_pipeline.py                           1           0  0.70s           2026-07-01T15:47:31
================================================================================
[2026-07-01T15:48:24.113+0000] {manager.py:452} INFO - Exiting gracefully upon receiving signal 15
